<?xml version="1.0" encoding="UTF-8"?>
<!-- Generated by org.testng.reporters.JUnitXMLReporter -->
<testsuite hostname="DESKTOP-HSGF5RQ" ignored="0" name="Default test" tests="4" failures="0" timestamp="09 Nov 2019 16:49:11 GMT" time="28.732" errors="0">
  <testcase name="launch" time="15.306" classname="appium.LaunchSite"/>
  <testcase name="fillUserid" time="4.789" classname="appium.LaunchSite"/>
  <testcase name="fillPassword" time="4.438" classname="appium.LaunchSite"/>
  <testcase name="closeSite" time="4.161" classname="appium.LaunchSite"/>
</testsuite> <!-- Default test -->
